D:\CREATARGLOBE\TRUNCK2014\TRUNCK_NEW\SRC\001CSRC\GLBGLOBE\GLBGLOBEOBJECT\RELEASE\GLBGLOBEOBJECT.DLL
D:\creatarGlobe\trunck2014\trunck_new\src\001CSrc\GlbGlobe\GlbGlobeObject\Release\GlbGlobeObject.exp
D:\creatarGlobe\trunck2014\trunck_new\src\001CSrc\GlbGlobe\GlbGlobeObject\Release\GlbGlobeObject.lib
D:\CREATARGLOBE\TRUNCK2014\TRUNCK_NEW\SRC\001CSRC\GLBGLOBE\GLBGLOBEOBJECT\RELEASE\GLBGLOBEOBJECT.PDB
D:\creatarGlobe\trunck2014\trunck_new\src\001CSrc\GlbGlobe\GlbGlobeObject\Release\GlbGlobeObject\cl.command.1.tlog
D:\creatarGlobe\trunck2014\trunck_new\src\001CSrc\GlbGlobe\GlbGlobeObject\Release\GlbGlobeObject\CL.read.1.tlog
D:\creatarGlobe\trunck2014\trunck_new\src\001CSrc\GlbGlobe\GlbGlobeObject\Release\GlbGlobeObject\CL.write.1.tlog
D:\CREATARGLOBE\TRUNCK2014\TRUNCK_NEW\SRC\001CSRC\GLBGLOBE\GLBGLOBEOBJECT\RELEASE\GLBGLOBEOBJECT\DLLMAIN.OBJ
D:\CREATARGLOBE\TRUNCK2014\TRUNCK_NEW\SRC\001CSRC\GLBGLOBE\GLBGLOBEOBJECT\RELEASE\GLBGLOBEOBJECT\GLBCALCULATEBOUNDBOXVISITOR.OBJ
D:\CREATARGLOBE\TRUNCK2014\TRUNCK_NEW\SRC\001CSRC\GLBGLOBE\GLBGLOBEOBJECT\RELEASE\GLBGLOBEOBJECT\GLBCALCULATENODESIZEVISITOR.OBJ
D:\CREATARGLOBE\TRUNCK2014\TRUNCK_NEW\SRC\001CSRC\GLBGLOBE\GLBGLOBEOBJECT\RELEASE\GLBGLOBEOBJECT\GLBCOLORVISITOR.OBJ
D:\CREATARGLOBE\TRUNCK2014\TRUNCK_NEW\SRC\001CSRC\GLBGLOBE\GLBGLOBEOBJECT\RELEASE\GLBGLOBEOBJECT\GLBCOMPAREVALUE.OBJ
D:\CREATARGLOBE\TRUNCK2014\TRUNCK_NEW\SRC\001CSRC\GLBGLOBE\GLBGLOBEOBJECT\RELEASE\GLBGLOBEOBJECT\GLBFADEINOUTCALLBACK.OBJ
D:\CREATARGLOBE\TRUNCK2014\TRUNCK_NEW\SRC\001CSRC\GLBGLOBE\GLBGLOBEOBJECT\RELEASE\GLBGLOBEOBJECT\GLBGLOBECOMPOSITEOBJECT.OBJ
D:\CREATARGLOBE\TRUNCK2014\TRUNCK_NEW\SRC\001CSRC\GLBGLOBE\GLBGLOBEOBJECT\RELEASE\GLBGLOBEOBJECT\GLBGLOBECOORDINATEAXISOBJECT.OBJ
D:\CREATARGLOBE\TRUNCK2014\TRUNCK_NEW\SRC\001CSRC\GLBGLOBE\GLBGLOBEOBJECT\RELEASE\GLBGLOBEOBJECT\GLBGLOBEDIGHOLE.OBJ
D:\CREATARGLOBE\TRUNCK2014\TRUNCK_NEW\SRC\001CSRC\GLBGLOBE\GLBGLOBEOBJECT\RELEASE\GLBGLOBEOBJECT\GLBGLOBEDRILL.OBJ
D:\CREATARGLOBE\TRUNCK2014\TRUNCK_NEW\SRC\001CSRC\GLBGLOBE\GLBGLOBEOBJECT\RELEASE\GLBGLOBEOBJECT\GLBGLOBEDYNAMICOBJECT.OBJ
D:\CREATARGLOBE\TRUNCK2014\TRUNCK_NEW\SRC\001CSRC\GLBGLOBE\GLBGLOBEOBJECT\RELEASE\GLBGLOBEOBJECT\GLBGLOBEGRIDOBJECT.OBJ
D:\CREATARGLOBE\TRUNCK2014\TRUNCK_NEW\SRC\001CSRC\GLBGLOBE\GLBGLOBEOBJECT\RELEASE\GLBGLOBEOBJECT\GLBGLOBELINE.OBJ
D:\CREATARGLOBE\TRUNCK2014\TRUNCK_NEW\SRC\001CSRC\GLBGLOBE\GLBGLOBEOBJECT\RELEASE\GLBGLOBEOBJECT\GLBGLOBENETWORKOBJECT.OBJ
D:\CREATARGLOBE\TRUNCK2014\TRUNCK_NEW\SRC\001CSRC\GLBGLOBE\GLBGLOBEOBJECT\RELEASE\GLBGLOBEOBJECT\GLBGLOBEOBJECT.OBJ
D:\CREATARGLOBE\TRUNCK2014\TRUNCK_NEW\SRC\001CSRC\GLBGLOBE\GLBGLOBEOBJECT\RELEASE\GLBGLOBEOBJECT\GLBGLOBEOBJECT.PCH
D:\creatarGlobe\trunck2014\trunck_new\src\001CSrc\GlbGlobe\GlbGlobeObject\Release\GlbGlobeObject\GlbGlobeObject.vcxprojResolveAssemblyReference.cache
D:\creatarGlobe\trunck2014\trunck_new\src\001CSrc\GlbGlobe\GlbGlobeObject\Release\GlbGlobeObject\GlbGlobeObject.write.1.tlog
D:\CREATARGLOBE\TRUNCK2014\TRUNCK_NEW\SRC\001CSRC\GLBGLOBE\GLBGLOBEOBJECT\RELEASE\GLBGLOBEOBJECT\GLBGLOBEPOINT.OBJ
D:\CREATARGLOBE\TRUNCK2014\TRUNCK_NEW\SRC\001CSRC\GLBGLOBE\GLBGLOBEOBJECT\RELEASE\GLBGLOBEOBJECT\GLBGLOBEPOLYGON.OBJ
D:\CREATARGLOBE\TRUNCK2014\TRUNCK_NEW\SRC\001CSRC\GLBGLOBE\GLBGLOBEOBJECT\RELEASE\GLBGLOBEOBJECT\GLBGLOBESECTION.OBJ
D:\CREATARGLOBE\TRUNCK2014\TRUNCK_NEW\SRC\001CSRC\GLBGLOBE\GLBGLOBEOBJECT\RELEASE\GLBGLOBEOBJECT\GLBGLOBETINOBJECT.OBJ
D:\CREATARGLOBE\TRUNCK2014\TRUNCK_NEW\SRC\001CSRC\GLBGLOBE\GLBGLOBEOBJECT\RELEASE\GLBGLOBEOBJECT\GLBGLOBEVIDEO.OBJ
D:\CREATARGLOBE\TRUNCK2014\TRUNCK_NEW\SRC\001CSRC\GLBGLOBE\GLBGLOBEOBJECT\RELEASE\GLBGLOBEOBJECT\GLBGLOBEVIEWANALYSIS.OBJ
D:\CREATARGLOBE\TRUNCK2014\TRUNCK_NEW\SRC\001CSRC\GLBGLOBE\GLBGLOBEOBJECT\RELEASE\GLBGLOBEOBJECT\GLBGLOBEVIRTUALDRILLOBJECT.OBJ
D:\CREATARGLOBE\TRUNCK2014\TRUNCK_NEW\SRC\001CSRC\GLBGLOBE\GLBGLOBEOBJECT\RELEASE\GLBGLOBEOBJECT\GLBGLOBEVIRTUALSECTIONOBJECT.OBJ
D:\CREATARGLOBE\TRUNCK2014\TRUNCK_NEW\SRC\001CSRC\GLBGLOBE\GLBGLOBEOBJECT\RELEASE\GLBGLOBEOBJECT\GLBGLOBEVISUALLINEANALYSIS.OBJ
D:\CREATARGLOBE\TRUNCK2014\TRUNCK_NEW\SRC\001CSRC\GLBGLOBE\GLBGLOBEOBJECT\RELEASE\GLBGLOBEOBJECT\GLBOBJECTREGISTERCREATOR.OBJ
D:\CREATARGLOBE\TRUNCK2014\TRUNCK_NEW\SRC\001CSRC\GLBGLOBE\GLBGLOBEOBJECT\RELEASE\GLBGLOBEOBJECT\GLBOPACITYVISITOR.OBJ
D:\creatarGlobe\trunck2014\trunck_new\src\001CSrc\GlbGlobe\GlbGlobeObject\Release\GlbGlobeObject\link.command.1.tlog
D:\creatarGlobe\trunck2014\trunck_new\src\001CSrc\GlbGlobe\GlbGlobeObject\Release\GlbGlobeObject\link.read.1.tlog
D:\creatarGlobe\trunck2014\trunck_new\src\001CSrc\GlbGlobe\GlbGlobeObject\Release\GlbGlobeObject\link.write.1.tlog
D:\CREATARGLOBE\TRUNCK2014\TRUNCK_NEW\SRC\001CSRC\GLBGLOBE\GLBGLOBEOBJECT\RELEASE\GLBGLOBEOBJECT\STDAFX.OBJ
D:\CREATARGLOBE\TRUNCK2014\TRUNCK_NEW\SRC\001CSRC\GLBGLOBE\GLBGLOBEOBJECT\RELEASE\GLBGLOBEOBJECT\VC100.PDB
Release\GlbGlobeObject.pdb
