D:\CREATARGLOBE\TRUNCK2014\TRUNCK_NEW\SRC\001CSRC\GLBGLOBE\GLBGLOBESYMBOL\RELEASE\GLBGLOBESYMBOL.DLL
D:\creatarGlobe\trunck2014\trunck_new\src\001CSrc\GlbGlobe\GlbGlobeSymbol\Release\GlbGlobeSymbol.exp
D:\creatarGlobe\trunck2014\trunck_new\src\001CSrc\GlbGlobe\GlbGlobeSymbol\Release\GlbGlobeSymbol.lib
D:\CREATARGLOBE\TRUNCK2014\TRUNCK_NEW\SRC\001CSRC\GLBGLOBE\GLBGLOBESYMBOL\RELEASE\GLBGLOBESYMBOL.PDB
D:\creatarGlobe\trunck2014\trunck_new\src\001CSrc\GlbGlobe\GlbGlobeSymbol\Release\GlbGlobeSymbol\cl.command.1.tlog
D:\creatarGlobe\trunck2014\trunck_new\src\001CSrc\GlbGlobe\GlbGlobeSymbol\Release\GlbGlobeSymbol\CL.read.1.tlog
D:\creatarGlobe\trunck2014\trunck_new\src\001CSrc\GlbGlobe\GlbGlobeSymbol\Release\GlbGlobeSymbol\CL.write.1.tlog
D:\CREATARGLOBE\TRUNCK2014\TRUNCK_NEW\SRC\001CSRC\GLBGLOBE\GLBGLOBESYMBOL\RELEASE\GLBGLOBESYMBOL\DLLMAIN.OBJ
D:\CREATARGLOBE\TRUNCK2014\TRUNCK_NEW\SRC\001CSRC\GLBGLOBE\GLBGLOBESYMBOL\RELEASE\GLBGLOBESYMBOL\DRAWER2D.OBJ
D:\CREATARGLOBE\TRUNCK2014\TRUNCK_NEW\SRC\001CSRC\GLBGLOBE\GLBGLOBESYMBOL\RELEASE\GLBGLOBESYMBOL\GLBGLOBEAUTODRILL.OBJ
D:\CREATARGLOBE\TRUNCK2014\TRUNCK_NEW\SRC\001CSRC\GLBGLOBE\GLBGLOBESYMBOL\RELEASE\GLBGLOBESYMBOL\GLBGLOBEAUTOTRANSFORM.OBJ
D:\CREATARGLOBE\TRUNCK2014\TRUNCK_NEW\SRC\001CSRC\GLBGLOBE\GLBGLOBESYMBOL\RELEASE\GLBGLOBESYMBOL\GLBGLOBECOORDINATEAXISSYMBOL.OBJ
D:\CREATARGLOBE\TRUNCK2014\TRUNCK_NEW\SRC\001CSRC\GLBGLOBE\GLBGLOBESYMBOL\RELEASE\GLBGLOBESYMBOL\GLBGLOBECUSTOMSHAPE.OBJ
D:\CREATARGLOBE\TRUNCK2014\TRUNCK_NEW\SRC\001CSRC\GLBGLOBE\GLBGLOBESYMBOL\RELEASE\GLBGLOBESYMBOL\GLBGLOBECUSTOMSHAPEDRAWABLE.OBJ
D:\CREATARGLOBE\TRUNCK2014\TRUNCK_NEW\SRC\001CSRC\GLBGLOBE\GLBGLOBESYMBOL\RELEASE\GLBGLOBESYMBOL\GLBGLOBEDELAUNAYTRIANGULATOREX.OBJ
D:\CREATARGLOBE\TRUNCK2014\TRUNCK_NEW\SRC\001CSRC\GLBGLOBE\GLBGLOBESYMBOL\RELEASE\GLBGLOBESYMBOL\GLBGLOBEDIGHOLESYMBOL.OBJ
D:\CREATARGLOBE\TRUNCK2014\TRUNCK_NEW\SRC\001CSRC\GLBGLOBE\GLBGLOBESYMBOL\RELEASE\GLBGLOBESYMBOL\GLBGLOBEDRILLSYMBOL.OBJ
D:\CREATARGLOBE\TRUNCK2014\TRUNCK_NEW\SRC\001CSRC\GLBGLOBE\GLBGLOBESYMBOL\RELEASE\GLBGLOBESYMBOL\GLBGLOBELINE2DSYMBOL.OBJ
D:\CREATARGLOBE\TRUNCK2014\TRUNCK_NEW\SRC\001CSRC\GLBGLOBE\GLBGLOBESYMBOL\RELEASE\GLBGLOBESYMBOL\GLBGLOBELINE3DSYMBOL.OBJ
D:\CREATARGLOBE\TRUNCK2014\TRUNCK_NEW\SRC\001CSRC\GLBGLOBE\GLBGLOBESYMBOL\RELEASE\GLBGLOBESYMBOL\GLBGLOBELINEARROWSYMBOL.OBJ
D:\CREATARGLOBE\TRUNCK2014\TRUNCK_NEW\SRC\001CSRC\GLBGLOBE\GLBGLOBESYMBOL\RELEASE\GLBGLOBESYMBOL\GLBGLOBELINEDYNAMICARROWSYMBOL.OBJ
D:\CREATARGLOBE\TRUNCK2014\TRUNCK_NEW\SRC\001CSRC\GLBGLOBE\GLBGLOBESYMBOL\RELEASE\GLBGLOBESYMBOL\GLBGLOBELINEMODELSYMBOL.OBJ
D:\CREATARGLOBE\TRUNCK2014\TRUNCK_NEW\SRC\001CSRC\GLBGLOBE\GLBGLOBESYMBOL\RELEASE\GLBGLOBESYMBOL\GLBGLOBELINEPIXELSYMBOL.OBJ
D:\CREATARGLOBE\TRUNCK2014\TRUNCK_NEW\SRC\001CSRC\GLBGLOBE\GLBGLOBESYMBOL\RELEASE\GLBGLOBESYMBOL\GLBGLOBEMARKER2DSHAPESYMBOL.OBJ
D:\CREATARGLOBE\TRUNCK2014\TRUNCK_NEW\SRC\001CSRC\GLBGLOBE\GLBGLOBESYMBOL\RELEASE\GLBGLOBESYMBOL\GLBGLOBEMARKER3DSHAPESYMBOL.OBJ
D:\CREATARGLOBE\TRUNCK2014\TRUNCK_NEW\SRC\001CSRC\GLBGLOBE\GLBGLOBESYMBOL\RELEASE\GLBGLOBESYMBOL\GLBGLOBEMARKERDYNAMICLABELSYMBOL.OBJ
D:\CREATARGLOBE\TRUNCK2014\TRUNCK_NEW\SRC\001CSRC\GLBGLOBE\GLBGLOBESYMBOL\RELEASE\GLBGLOBESYMBOL\GLBGLOBEMARKEREPICENTRESYMBOL.OBJ
D:\CREATARGLOBE\TRUNCK2014\TRUNCK_NEW\SRC\001CSRC\GLBGLOBE\GLBGLOBESYMBOL\RELEASE\GLBGLOBESYMBOL\GLBGLOBEMARKERFIRESYMBOL.OBJ
D:\CREATARGLOBE\TRUNCK2014\TRUNCK_NEW\SRC\001CSRC\GLBGLOBE\GLBGLOBESYMBOL\RELEASE\GLBGLOBESYMBOL\GLBGLOBEMARKERIMAGESYMBOL.OBJ
D:\CREATARGLOBE\TRUNCK2014\TRUNCK_NEW\SRC\001CSRC\GLBGLOBE\GLBGLOBESYMBOL\RELEASE\GLBGLOBESYMBOL\GLBGLOBEMARKERLABELSYMBOL.OBJ
D:\CREATARGLOBE\TRUNCK2014\TRUNCK_NEW\SRC\001CSRC\GLBGLOBE\GLBGLOBESYMBOL\RELEASE\GLBGLOBESYMBOL\GLBGLOBEMARKERMODELSYMBOL.OBJ
D:\CREATARGLOBE\TRUNCK2014\TRUNCK_NEW\SRC\001CSRC\GLBGLOBE\GLBGLOBESYMBOL\RELEASE\GLBGLOBESYMBOL\GLBGLOBEMARKERPIXELSYMBOL.OBJ
D:\CREATARGLOBE\TRUNCK2014\TRUNCK_NEW\SRC\001CSRC\GLBGLOBE\GLBGLOBESYMBOL\RELEASE\GLBGLOBESYMBOL\GLBGLOBEMARKERSMOKESYMBOL.OBJ
D:\CREATARGLOBE\TRUNCK2014\TRUNCK_NEW\SRC\001CSRC\GLBGLOBE\GLBGLOBESYMBOL\RELEASE\GLBGLOBESYMBOL\GLBGLOBENETWORKSYMBOL.OBJ
D:\CREATARGLOBE\TRUNCK2014\TRUNCK_NEW\SRC\001CSRC\GLBGLOBE\GLBGLOBESYMBOL\RELEASE\GLBGLOBESYMBOL\GLBGLOBEOCCLUDERGEOMETRYEX.OBJ
D:\CREATARGLOBE\TRUNCK2014\TRUNCK_NEW\SRC\001CSRC\GLBGLOBE\GLBGLOBESYMBOL\RELEASE\GLBGLOBESYMBOL\GLBGLOBEPOLYGONBUILDINGSYMBOL.OBJ
D:\CREATARGLOBE\TRUNCK2014\TRUNCK_NEW\SRC\001CSRC\GLBGLOBE\GLBGLOBESYMBOL\RELEASE\GLBGLOBESYMBOL\GLBGLOBEPOLYGONLAKESYMBOL.OBJ
D:\CREATARGLOBE\TRUNCK2014\TRUNCK_NEW\SRC\001CSRC\GLBGLOBE\GLBGLOBESYMBOL\RELEASE\GLBGLOBESYMBOL\GLBGLOBEPOLYGONSYMBOL.OBJ
D:\CREATARGLOBE\TRUNCK2014\TRUNCK_NEW\SRC\001CSRC\GLBGLOBE\GLBGLOBESYMBOL\RELEASE\GLBGLOBESYMBOL\GLBGLOBEPOLYGONWATERSYMBOL.OBJ
D:\CREATARGLOBE\TRUNCK2014\TRUNCK_NEW\SRC\001CSRC\GLBGLOBE\GLBGLOBESYMBOL\RELEASE\GLBGLOBESYMBOL\GLBGLOBEPOLYHEDRONSYMBOL.OBJ
D:\CREATARGLOBE\TRUNCK2014\TRUNCK_NEW\SRC\001CSRC\GLBGLOBE\GLBGLOBESYMBOL\RELEASE\GLBGLOBESYMBOL\GLBGLOBERENDERSIMPLELABELSYMBOL.OBJ
D:\CREATARGLOBE\TRUNCK2014\TRUNCK_NEW\SRC\001CSRC\GLBGLOBE\GLBGLOBESYMBOL\RELEASE\GLBGLOBESYMBOL\GLBGLOBESECTIONSYMBOL.OBJ
D:\CREATARGLOBE\TRUNCK2014\TRUNCK_NEW\SRC\001CSRC\GLBGLOBE\GLBGLOBESYMBOL\RELEASE\GLBGLOBESYMBOL\GLBGLOBESYMBOL.OBJ
D:\CREATARGLOBE\TRUNCK2014\TRUNCK_NEW\SRC\001CSRC\GLBGLOBE\GLBGLOBESYMBOL\RELEASE\GLBGLOBESYMBOL\GLBGLOBESYMBOL.PCH
D:\creatarGlobe\trunck2014\trunck_new\src\001CSrc\GlbGlobe\GlbGlobeSymbol\Release\GlbGlobeSymbol\GlbGlobeSymbol.write.1.tlog
D:\CREATARGLOBE\TRUNCK2014\TRUNCK_NEW\SRC\001CSRC\GLBGLOBE\GLBGLOBESYMBOL\RELEASE\GLBGLOBESYMBOL\GLBGLOBESYMBOLCOMMON.OBJ
D:\CREATARGLOBE\TRUNCK2014\TRUNCK_NEW\SRC\001CSRC\GLBGLOBE\GLBGLOBESYMBOL\RELEASE\GLBGLOBESYMBOL\GLBGLOBETESSELLATOREX.OBJ
D:\CREATARGLOBE\TRUNCK2014\TRUNCK_NEW\SRC\001CSRC\GLBGLOBE\GLBGLOBESYMBOL\RELEASE\GLBGLOBESYMBOL\GLBGLOBETINSYMBOL.OBJ
D:\CREATARGLOBE\TRUNCK2014\TRUNCK_NEW\SRC\001CSRC\GLBGLOBE\GLBGLOBESYMBOL\RELEASE\GLBGLOBESYMBOL\GLBGLOBEVIDEOSYMBOL.OBJ
D:\CREATARGLOBE\TRUNCK2014\TRUNCK_NEW\SRC\001CSRC\GLBGLOBE\GLBGLOBESYMBOL\RELEASE\GLBGLOBESYMBOL\GLBGLOBEVIEWSYMBOL.OBJ
D:\CREATARGLOBE\TRUNCK2014\TRUNCK_NEW\SRC\001CSRC\GLBGLOBE\GLBGLOBESYMBOL\RELEASE\GLBGLOBESYMBOL\GLBGLOBEVIRTUALDRILLSYMBOL.OBJ
D:\CREATARGLOBE\TRUNCK2014\TRUNCK_NEW\SRC\001CSRC\GLBGLOBE\GLBGLOBESYMBOL\RELEASE\GLBGLOBESYMBOL\GLBGLOBEVIRTUALSECTIONSYMBOL.OBJ
D:\CREATARGLOBE\TRUNCK2014\TRUNCK_NEW\SRC\001CSRC\GLBGLOBE\GLBGLOBESYMBOL\RELEASE\GLBGLOBESYMBOL\GLBGLOBEVISUALLINESYMBOL.OBJ
D:\CREATARGLOBE\TRUNCK2014\TRUNCK_NEW\SRC\001CSRC\GLBGLOBE\GLBGLOBESYMBOL\RELEASE\GLBGLOBESYMBOL\GLBTINZSCALEVISITOR.OBJ
D:\CREATARGLOBE\TRUNCK2014\TRUNCK_NEW\SRC\001CSRC\GLBGLOBE\GLBGLOBESYMBOL\RELEASE\GLBGLOBESYMBOL\GLBVIDEOPLAYER.OBJ
D:\creatarGlobe\trunck2014\trunck_new\src\001CSrc\GlbGlobe\GlbGlobeSymbol\Release\GlbGlobeSymbol\link.27836.read.1.tlog
D:\creatarGlobe\trunck2014\trunck_new\src\001CSrc\GlbGlobe\GlbGlobeSymbol\Release\GlbGlobeSymbol\link.27836.write.1.tlog
D:\creatarGlobe\trunck2014\trunck_new\src\001CSrc\GlbGlobe\GlbGlobeSymbol\Release\GlbGlobeSymbol\link.command.1.tlog
D:\creatarGlobe\trunck2014\trunck_new\src\001CSrc\GlbGlobe\GlbGlobeSymbol\Release\GlbGlobeSymbol\link.read.1.tlog
D:\creatarGlobe\trunck2014\trunck_new\src\001CSrc\GlbGlobe\GlbGlobeSymbol\Release\GlbGlobeSymbol\link.write.1.tlog
D:\CREATARGLOBE\TRUNCK2014\TRUNCK_NEW\SRC\001CSRC\GLBGLOBE\GLBGLOBESYMBOL\RELEASE\GLBGLOBESYMBOL\STDAFX.OBJ
D:\CREATARGLOBE\TRUNCK2014\TRUNCK_NEW\SRC\001CSRC\GLBGLOBE\GLBGLOBESYMBOL\RELEASE\GLBGLOBESYMBOL\VC100.PDB
Release\GlbGlobeSymbol.pdb
