  D:\creatarGlobe\trunck2014\trunck_new\src\001CSrc\GlbGlobe\GlbGlobeSymbol\GlbGlobeAutoDrill.h
  D:\creatarGlobe\trunck2014\trunck_new\src\001CSrc\GlbGlobe\GlbGlobeSymbol\GlbGlobeAutoTransform.h
  D:\creatarGlobe\trunck2014\trunck_new\src\001CSrc\GlbGlobe\GlbGlobeSymbol\GlbGlobeCommon.h
  D:\creatarGlobe\trunck2014\trunck_new\src\001CSrc\GlbGlobe\GlbGlobeSymbol\GlbGlobeCoordinateAxisSymbol.h
  D:\creatarGlobe\trunck2014\trunck_new\src\001CSrc\GlbGlobe\GlbGlobeSymbol\GlbGlobeCustomShape.h
  D:\creatarGlobe\trunck2014\trunck_new\src\001CSrc\GlbGlobe\GlbGlobeSymbol\GlbGlobeCustomShapeDrawable.h
  D:\creatarGlobe\trunck2014\trunck_new\src\001CSrc\GlbGlobe\GlbGlobeSymbol\GlbGlobeDelaunayTriangulatorEx.h
  D:\creatarGlobe\trunck2014\trunck_new\src\001CSrc\GlbGlobe\GlbGlobeSymbol\GlbGlobeDigHoleSymbol.h
  D:\creatarGlobe\trunck2014\trunck_new\src\001CSrc\GlbGlobe\GlbGlobeSymbol\GlbGlobeDrillSymbol.h
  D:\creatarGlobe\trunck2014\trunck_new\src\001CSrc\GlbGlobe\GlbGlobeSymbol\GlbGlobeLine2DSymbol.h
  D:\creatarGlobe\trunck2014\trunck_new\src\001CSrc\GlbGlobe\GlbGlobeSymbol\GlbGlobeLine3DSymbol.h
  D:\creatarGlobe\trunck2014\trunck_new\src\001CSrc\GlbGlobe\GlbGlobeSymbol\GlbGlobeLineArrowSymbol.h
  D:\creatarGlobe\trunck2014\trunck_new\src\001CSrc\GlbGlobe\GlbGlobeSymbol\GlbGlobeLineDynamicArrowSymbol.h
  D:\creatarGlobe\trunck2014\trunck_new\src\001CSrc\GlbGlobe\GlbGlobeSymbol\GlbGlobeLineModelSymbol.h
  D:\creatarGlobe\trunck2014\trunck_new\src\001CSrc\GlbGlobe\GlbGlobeSymbol\GlbGlobeLinePixelSymbol.h
  D:\creatarGlobe\trunck2014\trunck_new\src\001CSrc\GlbGlobe\GlbGlobeSymbol\GlbGlobeMarker2DShapeSymbol.h
  D:\creatarGlobe\trunck2014\trunck_new\src\001CSrc\GlbGlobe\GlbGlobeSymbol\GlbGlobeMarker3DShapeSymbol.h
  D:\creatarGlobe\trunck2014\trunck_new\src\001CSrc\GlbGlobe\GlbGlobeSymbol\GlbGlobeMarkerDynamicLabelSymbol.h
  D:\creatarGlobe\trunck2014\trunck_new\src\001CSrc\GlbGlobe\GlbGlobeSymbol\GlbGlobeMarkerEpicentreSymbol.h
  D:\creatarGlobe\trunck2014\trunck_new\src\001CSrc\GlbGlobe\GlbGlobeSymbol\GlbGlobeMarkerFireSymbol.h
  D:\creatarGlobe\trunck2014\trunck_new\src\001CSrc\GlbGlobe\GlbGlobeSymbol\GlbGlobeMarkerImageSymbol.h
  D:\creatarGlobe\trunck2014\trunck_new\src\001CSrc\GlbGlobe\GlbGlobeSymbol\GlbGlobeMarkerLabelSymbol.h
  D:\creatarGlobe\trunck2014\trunck_new\src\001CSrc\GlbGlobe\GlbGlobeSymbol\GlbGlobeMarkerModelSymbol.h
  D:\creatarGlobe\trunck2014\trunck_new\src\001CSrc\GlbGlobe\GlbGlobeSymbol\GlbGlobeMarkerPixelSymbol.h
  D:\creatarGlobe\trunck2014\trunck_new\src\001CSrc\GlbGlobe\GlbGlobeSymbol\GlbGlobeMarkerSmokeSymbol.h
  D:\creatarGlobe\trunck2014\trunck_new\src\001CSrc\GlbGlobe\GlbGlobeSymbol\GlbGlobeNetworkSymbol.h
  D:\creatarGlobe\trunck2014\trunck_new\src\001CSrc\GlbGlobe\GlbGlobeSymbol\GlbGlobeOccluderGeometryEx.h
  D:\creatarGlobe\trunck2014\trunck_new\src\001CSrc\GlbGlobe\GlbGlobeSymbol\GlbGlobePolygonBuildingSymbol.h
  D:\creatarGlobe\trunck2014\trunck_new\src\001CSrc\GlbGlobe\GlbGlobeSymbol\GlbGlobePolygonLakeSymbol.h
  D:\creatarGlobe\trunck2014\trunck_new\src\001CSrc\GlbGlobe\GlbGlobeSymbol\GlbGlobePolygonSymbol.h
  D:\creatarGlobe\trunck2014\trunck_new\src\001CSrc\GlbGlobe\GlbGlobeSymbol\GlbGlobePolygonWaterSymbol.h
  D:\creatarGlobe\trunck2014\trunck_new\src\001CSrc\GlbGlobe\GlbGlobeSymbol\GlbGlobePolyhedronSymbol.h
  D:\creatarGlobe\trunck2014\trunck_new\src\001CSrc\GlbGlobe\GlbGlobeSymbol\GlbGlobeRenderSimpleLabelSymbol.h
  D:\creatarGlobe\trunck2014\trunck_new\src\001CSrc\GlbGlobe\GlbGlobeSymbol\GlbGlobeSectionSymbol.h
  D:\creatarGlobe\trunck2014\trunck_new\src\001CSrc\GlbGlobe\GlbGlobeSymbol\GlbGlobeSymbol.h
  D:\creatarGlobe\trunck2014\trunck_new\src\001CSrc\GlbGlobe\GlbGlobeSymbol\GlbGlobeSymbolCommon.h
  D:\creatarGlobe\trunck2014\trunck_new\src\001CSrc\GlbGlobe\GlbGlobeSymbol\GlbGlobeSymbolExport.h
  D:\creatarGlobe\trunck2014\trunck_new\src\001CSrc\GlbGlobe\GlbGlobeSymbol\GlbGlobeTessellatorEx.h
  D:\creatarGlobe\trunck2014\trunck_new\src\001CSrc\GlbGlobe\GlbGlobeSymbol\GlbGlobeTinSymbol.h
  D:\creatarGlobe\trunck2014\trunck_new\src\001CSrc\GlbGlobe\GlbGlobeSymbol\GlbGlobeVideoSymbol.h
  D:\creatarGlobe\trunck2014\trunck_new\src\001CSrc\GlbGlobe\GlbGlobeSymbol\GlbGlobeViewSymbol.h
  D:\creatarGlobe\trunck2014\trunck_new\src\001CSrc\GlbGlobe\GlbGlobeSymbol\GlbGlobeVirtualDrillSymbol.h
  D:\creatarGlobe\trunck2014\trunck_new\src\001CSrc\GlbGlobe\GlbGlobeSymbol\GlbGlobeVirtualSectionSymbol.h
  D:\creatarGlobe\trunck2014\trunck_new\src\001CSrc\GlbGlobe\GlbGlobeSymbol\GlbGlobeVisualLineSymbol.h
  D:\creatarGlobe\trunck2014\trunck_new\src\001CSrc\GlbGlobe\GlbGlobeSymbol\GlbTinZScaleVisitor.h
  D:\creatarGlobe\trunck2014\trunck_new\src\001CSrc\GlbGlobe\GlbGlobeSymbol\GlbVideoPlayer.h
  已复制        46 个文件。
  stdafx.cpp
D:\creatarGlobe\trunck2014\3rd\C3rd\X86_32\libiconv1.14\include\iconv.h : warning C4819: The file contains a character that cannot be represented in the current code page (936). Save the file in Unicode format to prevent data loss
stdafx.cpp(74): warning C4996: 'fopen': This function or variable may be unsafe. Consider using fopen_s instead. To disable deprecation, use _CRT_SECURE_NO_WARNINGS. See online help for details.
          C:\Program Files (x86)\Microsoft Visual Studio 10.0\VC\include\stdio.h(234) : see declaration of 'fopen'
  dllmain.cpp
  Drawer2D.cpp
D:\creatarGlobe\trunck2014\3rd\C3rd\X86_32\agg2.5\include\agg_font_cache_manager.h(73): warning C4996: 'strcpy': This function or variable may be unsafe. Consider using strcpy_s instead. To disable deprecation, use _CRT_SECURE_NO_WARNINGS. See online help for details.
          C:\Program Files (x86)\Microsoft Visual Studio 10.0\VC\include\string.h(105) : see declaration of 'strcpy'
  GlbGlobeAutoDrill.cpp
  GlbGlobeAutoTransform.cpp
  GlbGlobeCoordinateAxisSymbol.cpp
GlbGlobeCoordinateAxisSymbol.cpp(177): warning C4018: '<' : signed/unsigned mismatch
  GlbGlobeCustomShape.cpp
  GlbGlobeCustomShapeDrawable.cpp
  GlbGlobeDelaunayTriangulatorEx.cpp
  GlbGlobeDigHoleSymbol.cpp
GlbGlobeDigHoleSymbol.cpp(111): warning C4018: '<' : signed/unsigned mismatch
  GlbGlobeDrillSymbol.cpp
GlbGlobeDrillSymbol.cpp(147): warning C4482: nonstandard extension used: enum 'GlbGeometryTypeEnum' used in qualified name
GlbGlobeDrillSymbol.cpp(153): warning C4482: nonstandard extension used: enum 'GlbGeometryTypeEnum' used in qualified name
  GlbGlobeLine2DSymbol.cpp
  GlbGlobeLine3DSymbol.cpp
  GlbGlobeLineArrowSymbol.cpp
  GlbGlobeLineDynamicArrowSymbol.cpp
  GlbGlobeLineModelSymbol.cpp
  GlbGlobeLinePixelSymbol.cpp
  GlbGlobeMarker2DShapeSymbol.cpp
  GlbGlobeMarker3DShapeSymbol.cpp
  GlbGlobeMarkerDynamicLabelSymbol.cpp
GlbGlobeMarkerDynamicLabelSymbol.cpp(627): warning C4018: '<' : signed/unsigned mismatch
GlbGlobeMarkerDynamicLabelSymbol.cpp(651): warning C4018: '<' : signed/unsigned mismatch
GlbGlobeMarkerDynamicLabelSymbol.cpp(685): warning C4018: '<' : signed/unsigned mismatch
GlbGlobeMarkerDynamicLabelSymbol.cpp(719): warning C4018: '<' : signed/unsigned mismatch
GlbGlobeMarkerDynamicLabelSymbol.cpp(765): warning C4018: '<' : signed/unsigned mismatch
  GlbGlobeMarkerEpicentreSymbol.cpp
  Generating Code...
  Compiling...
  GlbGlobeMarkerFireSymbol.cpp
  GlbGlobeMarkerImageSymbol.cpp
GlbGlobeMarkerImageSymbol.cpp(365): warning C4482: nonstandard extension used: enum 'osg::AutoTransform::AutoRotateMode' used in qualified name
  GlbGlobeMarkerLabelSymbol.cpp
GlbGlobeMarkerLabelSymbol.cpp(698): warning C4018: '<' : signed/unsigned mismatch
GlbGlobeMarkerLabelSymbol.cpp(722): warning C4018: '<' : signed/unsigned mismatch
GlbGlobeMarkerLabelSymbol.cpp(756): warning C4018: '<' : signed/unsigned mismatch
GlbGlobeMarkerLabelSymbol.cpp(790): warning C4018: '<' : signed/unsigned mismatch
GlbGlobeMarkerLabelSymbol.cpp(1026): warning C4018: '<' : signed/unsigned mismatch
GlbGlobeMarkerLabelSymbol.cpp(1036): warning C4018: '<' : signed/unsigned mismatch
GlbGlobeMarkerLabelSymbol.cpp(1045): warning C4018: '<' : signed/unsigned mismatch
GlbGlobeMarkerLabelSymbol.cpp(1054): warning C4018: '<' : signed/unsigned mismatch
GlbGlobeMarkerLabelSymbol.cpp(1063): warning C4018: '<' : signed/unsigned mismatch
GlbGlobeMarkerLabelSymbol.cpp(1072): warning C4018: '<' : signed/unsigned mismatch
GlbGlobeMarkerLabelSymbol.cpp(1081): warning C4018: '<' : signed/unsigned mismatch
GlbGlobeMarkerLabelSymbol.cpp(1123): warning C4018: '<' : signed/unsigned mismatch
GlbGlobeMarkerLabelSymbol.cpp(1138): warning C4018: '<' : signed/unsigned mismatch
GlbGlobeMarkerLabelSymbol.cpp(1144): warning C4018: '<' : signed/unsigned mismatch
GlbGlobeMarkerLabelSymbol.cpp(1150): warning C4018: '<' : signed/unsigned mismatch
GlbGlobeMarkerLabelSymbol.cpp(1156): warning C4018: '<' : signed/unsigned mismatch
  GlbGlobeMarkerModelSymbol.cpp
  GlbGlobeMarkerPixelSymbol.cpp
  GlbGlobeMarkerSmokeSymbol.cpp
  GlbGlobeNetworkSymbol.cpp
  GlbGlobeOccluderGeometryEx.cpp
GlbGlobeOccluderGeometryEx.cpp(1225): warning C4305: 'argument' : truncation from 'double' to 'GLfloat'
GlbGlobeOccluderGeometryEx.cpp(1227): warning C4551: function call missing argument list
  GlbGlobePolygonBuildingSymbol.cpp
  GlbGlobePolygonLakeSymbol.cpp
  GlbGlobePolygonSymbol.cpp
GlbGlobePolygonSymbol.cpp(251): warning C4101: 'e' : unreferenced local variable
  GlbGlobePolygonWaterSymbol.cpp
  GlbGlobePolyhedronSymbol.cpp
  GlbGlobeRenderSimpleLabelSymbol.cpp
GlbGlobeRenderSimpleLabelSymbol.cpp(365): warning C4018: '<' : signed/unsigned mismatch
GlbGlobeRenderSimpleLabelSymbol.cpp(388): warning C4018: '<' : signed/unsigned mismatch
GlbGlobeRenderSimpleLabelSymbol.cpp(422): warning C4018: '<' : signed/unsigned mismatch
GlbGlobeRenderSimpleLabelSymbol.cpp(456): warning C4018: '<' : signed/unsigned mismatch
  GlbGlobeSectionSymbol.cpp
  GlbGlobeSymbol.cpp
  GlbGlobeSymbolCommon.cpp
GlbGlobeSymbolCommon.cpp(295): warning C4018: '<' : signed/unsigned mismatch
  GlbGlobeTessellatorEx.cpp
  GlbGlobeTinSymbol.cpp
  GlbGlobeVideoSymbol.cpp
  Generating Code...
  Compiling...
  GlbGlobeViewSymbol.cpp
GlbGlobeViewSymbol.cpp(205): warning C4101: 'newX' : unreferenced local variable
GlbGlobeViewSymbol.cpp(205): warning C4101: 'newY' : unreferenced local variable
GlbGlobeViewSymbol.cpp(205): warning C4101: 'newZ' : unreferenced local variable
  GlbGlobeVirtualDrillSymbol.cpp
  GlbGlobeVirtualSectionSymbol.cpp
  GlbGlobeVisualLineSymbol.cpp
  GlbTinZScaleVisitor.cpp
  GlbVideoPlayer.cpp
  Generating Code...
  AGG.lib(agg_font_freetype.obj) : MSIL .netmodule or module compiled with /GL found; restarting link with /LTCG; add /LTCG to the link command line to improve linker performance
     Creating library Release\GlbGlobeSymbol.lib and object Release\GlbGlobeSymbol.exp
  Generating code
  Finished generating code
AGG.lib(agg_font_freetype.obj) : warning LNK4099: PDB 'vc100.pdb' was not found with 'AGG.lib(agg_font_freetype.obj)' or at 'D:\creatarGlobe\trunck2014\trunck_new\src\001CSrc\GlbGlobe\GlbGlobeSymbol\Release\vc100.pdb'; linking object as if no debug info
AGG.lib(agg_trans_affine.obj) : warning LNK4099: PDB 'vc100.pdb' was not found with 'AGG.lib(agg_trans_affine.obj)' or at 'D:\creatarGlobe\trunck2014\trunck_new\src\001CSrc\GlbGlobe\GlbGlobeSymbol\Release\vc100.pdb'; linking object as if no debug info
AGG.lib(agg_arc.obj) : warning LNK4099: PDB 'vc100.pdb' was not found with 'AGG.lib(agg_arc.obj)' or at 'D:\creatarGlobe\trunck2014\trunck_new\src\001CSrc\GlbGlobe\GlbGlobeSymbol\Release\vc100.pdb'; linking object as if no debug info
AGG.lib(agg_rounded_rect.obj) : warning LNK4099: PDB 'vc100.pdb' was not found with 'AGG.lib(agg_rounded_rect.obj)' or at 'D:\creatarGlobe\trunck2014\trunck_new\src\001CSrc\GlbGlobe\GlbGlobeSymbol\Release\vc100.pdb'; linking object as if no debug info
AGG.lib(agg_arrowhead.obj) : warning LNK4099: PDB 'vc100.pdb' was not found with 'AGG.lib(agg_arrowhead.obj)' or at 'D:\creatarGlobe\trunck2014\trunck_new\src\001CSrc\GlbGlobe\GlbGlobeSymbol\Release\vc100.pdb'; linking object as if no debug info
AGG.lib(agg_vcgen_bspline.obj) : warning LNK4099: PDB 'vc100.pdb' was not found with 'AGG.lib(agg_vcgen_bspline.obj)' or at 'D:\creatarGlobe\trunck2014\trunck_new\src\001CSrc\GlbGlobe\GlbGlobeSymbol\Release\vc100.pdb'; linking object as if no debug info
AGG.lib(agg_vcgen_contour.obj) : warning LNK4099: PDB 'vc100.pdb' was not found with 'AGG.lib(agg_vcgen_contour.obj)' or at 'D:\creatarGlobe\trunck2014\trunck_new\src\001CSrc\GlbGlobe\GlbGlobeSymbol\Release\vc100.pdb'; linking object as if no debug info
AGG.lib(agg_vcgen_stroke.obj) : warning LNK4099: PDB 'vc100.pdb' was not found with 'AGG.lib(agg_vcgen_stroke.obj)' or at 'D:\creatarGlobe\trunck2014\trunck_new\src\001CSrc\GlbGlobe\GlbGlobeSymbol\Release\vc100.pdb'; linking object as if no debug info
AGG.lib(agg_vcgen_dash.obj) : warning LNK4099: PDB 'vc100.pdb' was not found with 'AGG.lib(agg_vcgen_dash.obj)' or at 'D:\creatarGlobe\trunck2014\trunck_new\src\001CSrc\GlbGlobe\GlbGlobeSymbol\Release\vc100.pdb'; linking object as if no debug info
AGG.lib(agg_curves.obj) : warning LNK4099: PDB 'vc100.pdb' was not found with 'AGG.lib(agg_curves.obj)' or at 'D:\creatarGlobe\trunck2014\trunck_new\src\001CSrc\GlbGlobe\GlbGlobeSymbol\Release\vc100.pdb'; linking object as if no debug info
AGG.lib(agg_vcgen_smooth_poly1.obj) : warning LNK4099: PDB 'vc100.pdb' was not found with 'AGG.lib(agg_vcgen_smooth_poly1.obj)' or at 'D:\creatarGlobe\trunck2014\trunck_new\src\001CSrc\GlbGlobe\GlbGlobeSymbol\Release\vc100.pdb'; linking object as if no debug info
AGG.lib(agg_vcgen_markers_term.obj) : warning LNK4099: PDB 'vc100.pdb' was not found with 'AGG.lib(agg_vcgen_markers_term.obj)' or at 'D:\creatarGlobe\trunck2014\trunck_new\src\001CSrc\GlbGlobe\GlbGlobeSymbol\Release\vc100.pdb'; linking object as if no debug info
AGG.lib(agg_font_win32_tt.obj) : warning LNK4099: PDB 'vc100.pdb' was not found with 'AGG.lib(agg_font_win32_tt.obj)' or at 'D:\creatarGlobe\trunck2014\trunck_new\src\001CSrc\GlbGlobe\GlbGlobeSymbol\Release\vc100.pdb'; linking object as if no debug info
AGG.lib(agg_bspline.obj) : warning LNK4099: PDB 'vc100.pdb' was not found with 'AGG.lib(agg_bspline.obj)' or at 'D:\creatarGlobe\trunck2014\trunck_new\src\001CSrc\GlbGlobe\GlbGlobeSymbol\Release\vc100.pdb'; linking object as if no debug info
freetype.lib(autofit.obj) : warning LNK4099: PDB 'vc100.pdb' was not found with 'freetype.lib(autofit.obj)' or at 'D:\creatarGlobe\trunck2014\trunck_new\src\001CSrc\GlbGlobe\GlbGlobeSymbol\Release\vc100.pdb'; linking object as if no debug info
freetype.lib(bdf.obj) : warning LNK4099: PDB 'vc100.pdb' was not found with 'freetype.lib(bdf.obj)' or at 'D:\creatarGlobe\trunck2014\trunck_new\src\001CSrc\GlbGlobe\GlbGlobeSymbol\Release\vc100.pdb'; linking object as if no debug info
freetype.lib(cff.obj) : warning LNK4099: PDB 'vc100.pdb' was not found with 'freetype.lib(cff.obj)' or at 'D:\creatarGlobe\trunck2014\trunck_new\src\001CSrc\GlbGlobe\GlbGlobeSymbol\Release\vc100.pdb'; linking object as if no debug info
freetype.lib(ftbase.obj) : warning LNK4099: PDB 'vc100.pdb' was not found with 'freetype.lib(ftbase.obj)' or at 'D:\creatarGlobe\trunck2014\trunck_new\src\001CSrc\GlbGlobe\GlbGlobeSymbol\Release\vc100.pdb'; linking object as if no debug info
freetype.lib(ftbitmap.obj) : warning LNK4099: PDB 'vc100.pdb' was not found with 'freetype.lib(ftbitmap.obj)' or at 'D:\creatarGlobe\trunck2014\trunck_new\src\001CSrc\GlbGlobe\GlbGlobeSymbol\Release\vc100.pdb'; linking object as if no debug info
freetype.lib(ftgzip.obj) : warning LNK4099: PDB 'vc100.pdb' was not found with 'freetype.lib(ftgzip.obj)' or at 'D:\creatarGlobe\trunck2014\trunck_new\src\001CSrc\GlbGlobe\GlbGlobeSymbol\Release\vc100.pdb'; linking object as if no debug info
freetype.lib(ftinit.obj) : warning LNK4099: PDB 'vc100.pdb' was not found with 'freetype.lib(ftinit.obj)' or at 'D:\creatarGlobe\trunck2014\trunck_new\src\001CSrc\GlbGlobe\GlbGlobeSymbol\Release\vc100.pdb'; linking object as if no debug info
freetype.lib(ftlzw.obj) : warning LNK4099: PDB 'vc100.pdb' was not found with 'freetype.lib(ftlzw.obj)' or at 'D:\creatarGlobe\trunck2014\trunck_new\src\001CSrc\GlbGlobe\GlbGlobeSymbol\Release\vc100.pdb'; linking object as if no debug info
freetype.lib(ftsystem.obj) : warning LNK4099: PDB 'vc100.pdb' was not found with 'freetype.lib(ftsystem.obj)' or at 'D:\creatarGlobe\trunck2014\trunck_new\src\001CSrc\GlbGlobe\GlbGlobeSymbol\Release\vc100.pdb'; linking object as if no debug info
freetype.lib(smooth.obj) : warning LNK4099: PDB 'vc100.pdb' was not found with 'freetype.lib(smooth.obj)' or at 'D:\creatarGlobe\trunck2014\trunck_new\src\001CSrc\GlbGlobe\GlbGlobeSymbol\Release\vc100.pdb'; linking object as if no debug info
freetype.lib(pcf.obj) : warning LNK4099: PDB 'vc100.pdb' was not found with 'freetype.lib(pcf.obj)' or at 'D:\creatarGlobe\trunck2014\trunck_new\src\001CSrc\GlbGlobe\GlbGlobeSymbol\Release\vc100.pdb'; linking object as if no debug info
freetype.lib(pfr.obj) : warning LNK4099: PDB 'vc100.pdb' was not found with 'freetype.lib(pfr.obj)' or at 'D:\creatarGlobe\trunck2014\trunck_new\src\001CSrc\GlbGlobe\GlbGlobeSymbol\Release\vc100.pdb'; linking object as if no debug info
freetype.lib(psaux.obj) : warning LNK4099: PDB 'vc100.pdb' was not found with 'freetype.lib(psaux.obj)' or at 'D:\creatarGlobe\trunck2014\trunck_new\src\001CSrc\GlbGlobe\GlbGlobeSymbol\Release\vc100.pdb'; linking object as if no debug info
freetype.lib(pshinter.obj) : warning LNK4099: PDB 'vc100.pdb' was not found with 'freetype.lib(pshinter.obj)' or at 'D:\creatarGlobe\trunck2014\trunck_new\src\001CSrc\GlbGlobe\GlbGlobeSymbol\Release\vc100.pdb'; linking object as if no debug info
freetype.lib(psmodule.obj) : warning LNK4099: PDB 'vc100.pdb' was not found with 'freetype.lib(psmodule.obj)' or at 'D:\creatarGlobe\trunck2014\trunck_new\src\001CSrc\GlbGlobe\GlbGlobeSymbol\Release\vc100.pdb'; linking object as if no debug info
freetype.lib(raster.obj) : warning LNK4099: PDB 'vc100.pdb' was not found with 'freetype.lib(raster.obj)' or at 'D:\creatarGlobe\trunck2014\trunck_new\src\001CSrc\GlbGlobe\GlbGlobeSymbol\Release\vc100.pdb'; linking object as if no debug info
freetype.lib(sfnt.obj) : warning LNK4099: PDB 'vc100.pdb' was not found with 'freetype.lib(sfnt.obj)' or at 'D:\creatarGlobe\trunck2014\trunck_new\src\001CSrc\GlbGlobe\GlbGlobeSymbol\Release\vc100.pdb'; linking object as if no debug info
freetype.lib(truetype.obj) : warning LNK4099: PDB 'vc100.pdb' was not found with 'freetype.lib(truetype.obj)' or at 'D:\creatarGlobe\trunck2014\trunck_new\src\001CSrc\GlbGlobe\GlbGlobeSymbol\Release\vc100.pdb'; linking object as if no debug info
freetype.lib(type1.obj) : warning LNK4099: PDB 'vc100.pdb' was not found with 'freetype.lib(type1.obj)' or at 'D:\creatarGlobe\trunck2014\trunck_new\src\001CSrc\GlbGlobe\GlbGlobeSymbol\Release\vc100.pdb'; linking object as if no debug info
freetype.lib(type1cid.obj) : warning LNK4099: PDB 'vc100.pdb' was not found with 'freetype.lib(type1cid.obj)' or at 'D:\creatarGlobe\trunck2014\trunck_new\src\001CSrc\GlbGlobe\GlbGlobeSymbol\Release\vc100.pdb'; linking object as if no debug info
freetype.lib(type42.obj) : warning LNK4099: PDB 'vc100.pdb' was not found with 'freetype.lib(type42.obj)' or at 'D:\creatarGlobe\trunck2014\trunck_new\src\001CSrc\GlbGlobe\GlbGlobeSymbol\Release\vc100.pdb'; linking object as if no debug info
freetype.lib(winfnt.obj) : warning LNK4099: PDB 'vc100.pdb' was not found with 'freetype.lib(winfnt.obj)' or at 'D:\creatarGlobe\trunck2014\trunck_new\src\001CSrc\GlbGlobe\GlbGlobeSymbol\Release\vc100.pdb'; linking object as if no debug info
  GlbGlobeSymbol.vcxproj -> D:\creatarGlobe\trunck2014\trunck_new\src\001CSrc\GlbGlobe\GlbGlobeSymbol\Release\GlbGlobeSymbol.dll
  已复制         1 个文件。
  另一个程序正在使用此文件，进程无法访问。
  已复制         0 个文件。
  已复制         1 个文件。
